2021-01-12 17:30:43,354 [INFO] Activator:170 - 


2021-01-12 17:30:43,356 [INFO] Activator:171 - !SESSION log4j initialized
2021-01-12 17:49:27,935 [INFO] Activator:170 - 


2021-01-12 17:49:27,937 [INFO] Activator:171 - !SESSION log4j initialized
2021-01-20 06:54:20,458 [INFO] Activator:170 - 


2021-01-20 06:54:20,467 [INFO] Activator:171 - !SESSION log4j initialized
2021-01-21 18:06:14,590 [INFO] McuFinderGlobals:40 - Set McuFinder mode to 2 (CubeIDE integrated)
2021-01-21 18:06:14,651 [INFO] ApplicationProperties:181 - Using Application install path: /opt/st/stm32cubeide_1.5.1/plugins/com.st.stm32cube.common.mx_6.1.1.202012091304
2021-01-21 18:06:14,659 [INFO] DbMcusXml:71 - Set database path to: /opt/st/stm32cubeide_1.5.1/plugins/com.st.stm32cube.common.mx_6.1.1.202012091304//db//mcu/
2021-01-21 18:06:14,662 [INFO] DbBoardsPdsc:57 - Set plugin database path to: /opt/st/stm32cubeide_1.5.1/plugins/com.st.stm32cube.common.mx_6.1.1.202012091304//db//plugins/boardmanager/
2021-01-21 18:06:14,662 [INFO] DbMcus:259 - Set plugin images path to: /opt/st/stm32cubeide_1.5.1/plugins/com.st.stm32cube.common.mx_6.1.1.202012091304//db//plugins/mcufinder/images/
2021-01-21 18:06:14,662 [INFO] DbBoards:265 - Set plugin images path to: /opt/st/stm32cubeide_1.5.1/plugins/com.st.stm32cube.common.mx_6.1.1.202012091304//db//plugins/mcufinder/images/
2021-01-21 18:06:14,665 [INFO] DbExamples:329 - Set plugin images path to: /opt/st/stm32cubeide_1.5.1/plugins/com.st.stm32cube.common.mx_6.1.1.202012091304//db//plugins/mcufinder/images/
2021-01-21 18:06:14,667 [INFO] DbMcusDocs:112 - Set database path to: /home/keith/.stmcufinder/plugins/mcufinder//mcu/
2021-01-21 18:06:14,669 [INFO] DbMcusJson:63 - Set database path to: /home/keith/.stmcufinder/plugins/mcufinder//mcu/
2021-01-21 18:06:14,670 [INFO] DbBoardsDocs:112 - Set database path to: /home/keith/.stmcufinder/plugins/mcufinder//mcu/
2021-01-21 18:06:14,671 [INFO] DbBoardsJson:56 - Set database path to: /home/keith/.stmcufinder/plugins/mcufinder//mcu/
2021-01-21 18:06:14,940 [INFO] CrossReferenceDbSqlite:196 - Set database path to: /home/keith/.stmcufinder/plugins/mcufinder//mcu/cs/
2021-01-21 18:06:14,951 [INFO] DbExamplesSqlite:699 - Set database path to: /home/keith/.stmcufinder/plugins/mcufinder//mcu/
2021-01-21 18:06:15,062 [INFO] RulesReader:52 - Compatibility file has been processed (228 Rules)
2021-01-21 18:06:15,101 [INFO] MicroXplorer:565 - Detected Java Version = 1.8.0_272
2021-01-21 18:06:15,102 [INFO] DbMcusXml:71 - Set database path to: /opt/st/stm32cubeide_1.5.1/plugins/com.st.stm32cube.common.mx_6.1.1.202012091304//db//mcu/
2021-01-21 18:06:15,103 [INFO] DbBoardsPdsc:57 - Set plugin database path to: /opt/st/stm32cubeide_1.5.1/plugins/com.st.stm32cube.common.mx_6.1.1.202012091304//db//plugins/boardmanager/
2021-01-21 18:06:15,103 [INFO] DbMcus:259 - Set plugin images path to: /opt/st/stm32cubeide_1.5.1/plugins/com.st.stm32cube.common.mx_6.1.1.202012091304//db//plugins/mcufinder/images/
2021-01-21 18:06:15,103 [INFO] DbBoards:265 - Set plugin images path to: /opt/st/stm32cubeide_1.5.1/plugins/com.st.stm32cube.common.mx_6.1.1.202012091304//db//plugins/mcufinder/images/
2021-01-21 18:06:15,103 [INFO] DbExamples:329 - Set plugin images path to: /opt/st/stm32cubeide_1.5.1/plugins/com.st.stm32cube.common.mx_6.1.1.202012091304//db//plugins/mcufinder/images/
2021-01-21 18:06:15,103 [WARN] DbFile:36 - Overriding database path with different value: /home/keith/.stmcufinder/plugins/mcufinder/ => /home/keith/.stmcufinder/plugins/mcufinder
2021-01-21 18:06:15,103 [INFO] DbMcusDocs:112 - Set database path to: /home/keith/.stmcufinder/plugins/mcufinder//mcu/
2021-01-21 18:06:15,104 [WARN] DbFile:36 - Overriding database path with different value: /home/keith/.stmcufinder/plugins/mcufinder/ => /home/keith/.stmcufinder/plugins/mcufinder
2021-01-21 18:06:15,104 [INFO] DbMcusJson:63 - Set database path to: /home/keith/.stmcufinder/plugins/mcufinder//mcu/
2021-01-21 18:06:15,104 [WARN] DbFile:36 - Overriding database path with different value: /home/keith/.stmcufinder/plugins/mcufinder/ => /home/keith/.stmcufinder/plugins/mcufinder
2021-01-21 18:06:15,104 [INFO] DbBoardsDocs:112 - Set database path to: /home/keith/.stmcufinder/plugins/mcufinder//mcu/
2021-01-21 18:06:15,104 [WARN] DbFile:36 - Overriding database path with different value: /home/keith/.stmcufinder/plugins/mcufinder/ => /home/keith/.stmcufinder/plugins/mcufinder
2021-01-21 18:06:15,104 [INFO] DbBoardsJson:56 - Set database path to: /home/keith/.stmcufinder/plugins/mcufinder//mcu/
2021-01-21 18:06:15,104 [WARN] DbFile:36 - Overriding database path with different value: /home/keith/.stmcufinder/plugins/mcufinder/ => /home/keith/.stmcufinder/plugins/mcufinder
2021-01-21 18:06:15,104 [WARN] DbFile:36 - Overriding database path with different value: /home/keith/.stmcufinder/plugins/mcufinder/ => /home/keith/.stmcufinder/plugins/mcufinder
2021-01-21 18:06:15,105 [INFO] CrossReferenceDbSqlite:196 - Set database path to: /home/keith/.stmcufinder/plugins/mcufinder//mcu/cs/
2021-01-21 18:06:15,105 [WARN] DbFile:36 - Overriding database path with different value: /home/keith/.stmcufinder/plugins/mcufinder/ => /home/keith/.stmcufinder/plugins/mcufinder
2021-01-21 18:06:15,105 [INFO] DbExamplesSqlite:699 - Set database path to: /home/keith/.stmcufinder/plugins/mcufinder//mcu/
2021-01-21 18:06:15,148 [INFO] MainPanel:190 - HeapMemory: 363855872
2021-01-21 18:06:15,199 [INFO] DbMcusXml:71 - Set database path to: /opt/st/stm32cubeide_1.5.1/plugins/com.st.stm32cube.common.mx_6.1.1.202012091304//db//mcu/
2021-01-21 18:06:15,199 [INFO] DbBoardsPdsc:57 - Set plugin database path to: /opt/st/stm32cubeide_1.5.1/plugins/com.st.stm32cube.common.mx_6.1.1.202012091304//db//plugins/boardmanager/
2021-01-21 18:06:15,200 [INFO] DbMcus:259 - Set plugin images path to: /opt/st/stm32cubeide_1.5.1/plugins/com.st.stm32cube.common.mx_6.1.1.202012091304//db//plugins/mcufinder/images/
2021-01-21 18:06:15,200 [INFO] DbBoards:265 - Set plugin images path to: /opt/st/stm32cubeide_1.5.1/plugins/com.st.stm32cube.common.mx_6.1.1.202012091304//db//plugins/mcufinder/images/
2021-01-21 18:06:15,200 [INFO] DbExamples:329 - Set plugin images path to: /opt/st/stm32cubeide_1.5.1/plugins/com.st.stm32cube.common.mx_6.1.1.202012091304//db//plugins/mcufinder/images/
2021-01-21 18:06:15,200 [WARN] DbFile:36 - Overriding database path with different value: /home/keith/.stmcufinder/plugins/mcufinder/ => /home/keith/.stmcufinder/plugins/mcufinder
2021-01-21 18:06:15,200 [INFO] DbMcusDocs:112 - Set database path to: /home/keith/.stmcufinder/plugins/mcufinder//mcu/
2021-01-21 18:06:15,200 [WARN] DbFile:36 - Overriding database path with different value: /home/keith/.stmcufinder/plugins/mcufinder/ => /home/keith/.stmcufinder/plugins/mcufinder
2021-01-21 18:06:15,200 [INFO] DbMcusJson:63 - Set database path to: /home/keith/.stmcufinder/plugins/mcufinder//mcu/
2021-01-21 18:06:15,200 [WARN] DbFile:36 - Overriding database path with different value: /home/keith/.stmcufinder/plugins/mcufinder/ => /home/keith/.stmcufinder/plugins/mcufinder
2021-01-21 18:06:15,200 [INFO] DbBoardsDocs:112 - Set database path to: /home/keith/.stmcufinder/plugins/mcufinder//mcu/
2021-01-21 18:06:15,201 [WARN] DbFile:36 - Overriding database path with different value: /home/keith/.stmcufinder/plugins/mcufinder/ => /home/keith/.stmcufinder/plugins/mcufinder
2021-01-21 18:06:15,201 [INFO] DbBoardsJson:56 - Set database path to: /home/keith/.stmcufinder/plugins/mcufinder//mcu/
2021-01-21 18:06:15,201 [WARN] DbFile:36 - Overriding database path with different value: /home/keith/.stmcufinder/plugins/mcufinder/ => /home/keith/.stmcufinder/plugins/mcufinder
2021-01-21 18:06:15,201 [WARN] DbFile:36 - Overriding database path with different value: /home/keith/.stmcufinder/plugins/mcufinder/ => /home/keith/.stmcufinder/plugins/mcufinder
2021-01-21 18:06:15,201 [INFO] CrossReferenceDbSqlite:196 - Set database path to: /home/keith/.stmcufinder/plugins/mcufinder//mcu/cs/
2021-01-21 18:06:15,201 [WARN] DbFile:36 - Overriding database path with different value: /home/keith/.stmcufinder/plugins/mcufinder/ => /home/keith/.stmcufinder/plugins/mcufinder
2021-01-21 18:06:15,201 [INFO] DbExamplesSqlite:699 - Set database path to: /home/keith/.stmcufinder/plugins/mcufinder//mcu/
2021-01-21 18:06:15,212 [INFO] ApplicationProperties:181 - Using Application install path: /opt/st/stm32cubeide_1.5.1/plugins/com.st.stm32cube.common.mx_6.1.1.202012091304
2021-01-21 18:06:15,213 [INFO] PluginManage:178 - Search for loadable plugins [exclusion list=, ]
2021-01-21 18:06:15,214 [INFO] PluginManage:292 - Check plugin analytics
2021-01-21 18:06:15,320 [INFO] AnalyticsPlugin:225 - Accepted Software Licenses: 
2021-01-21 18:06:15,320 [INFO] AnalyticsPlugin:227 - Accepted CMSIS Pack Licenses: 
2021-01-21 18:06:15,320 [INFO] AnalyticsPlugin:229 - Accepted Firmware Licenses: 
2021-01-21 18:06:15,321 [INFO] PluginManage:342 - Loaded plugin analytics (category:tool,tabindex:-1)
2021-01-21 18:06:15,321 [INFO] PluginManage:292 - Check plugin clock
2021-01-21 18:06:15,328 [INFO] PluginManage:342 - Loaded plugin clock (category:base,tabindex:2)
2021-01-21 18:06:15,328 [INFO] PluginManage:292 - Check plugin ddr
2021-01-21 18:06:15,330 [INFO] PluginManage:342 - Loaded plugin ddr (category:tool,tabindex:6)
2021-01-21 18:06:15,330 [INFO] PluginManage:292 - Check plugin filemanager
2021-01-21 18:06:15,425 [INFO] PluginManage:342 - Loaded plugin filemanager (category:base,tabindex:10)
2021-01-21 18:06:15,426 [INFO] PluginManage:292 - Check plugin ipmanager
2021-01-21 18:06:15,429 [INFO] PluginManage:342 - Loaded plugin ipmanager (category:base,tabindex:5)
2021-01-21 18:06:15,429 [INFO] PluginManage:292 - Check plugin pinoutandconfiguration
2021-01-21 18:06:15,438 [INFO] PluginManage:342 - Loaded plugin pinoutandconfiguration (category:base,tabindex:1)
2021-01-21 18:06:15,439 [INFO] PluginManage:292 - Check plugin pinoutconfig
2021-01-21 18:06:15,456 [INFO] PluginManage:342 - Loaded plugin pinoutconfig (category:base,tabindex:0)
2021-01-21 18:06:15,457 [INFO] PluginManage:292 - Check plugin power
2021-01-21 18:06:15,461 [INFO] PluginManage:342 - Loaded plugin power (category:power,tabindex:4)
2021-01-21 18:06:15,461 [INFO] PluginManage:292 - Check plugin projectmanager
2021-01-21 18:06:15,473 [INFO] PluginManage:342 - Loaded plugin projectmanager (category:projectmanager,tabindex:3)
2021-01-21 18:06:15,473 [INFO] PluginManage:292 - Check plugin thirdparty
2021-01-21 18:06:15,539 [INFO] PluginManage:342 - Loaded plugin thirdparty (category:base,tabindex:-1)
2021-01-21 18:06:15,539 [INFO] PluginManage:292 - Check plugin tools
2021-01-21 18:06:15,539 [WARN] IntegrityCheckThread:59 - waiting for thirdparty lock release [integrity check]
2021-01-21 18:06:15,540 [INFO] IntegrityCheckThread:61 - entering critical section [integrity check]
2021-01-21 18:06:15,540 [INFO] ThirdPartyUpdaterWithRetryManager:56 - Updater plugin not ready yet. [1/15]
2021-01-21 18:06:15,541 [INFO] PluginManage:342 - Loaded plugin tools (category:base,tabindex:7)
2021-01-21 18:06:15,541 [INFO] PluginManage:292 - Check plugin tutovideos
2021-01-21 18:06:15,696 [INFO] PluginManage:342 - Loaded plugin tutovideos (category:base,tabindex:-1)
2021-01-21 18:06:15,696 [INFO] PluginManage:292 - Check plugin updater
2021-01-21 18:06:15,707 [INFO] PluginManage:342 - Loaded plugin updater (category:base,tabindex:12)
2021-01-21 18:06:15,707 [INFO] PluginManage:265 - PluginManage : Loaded plugins [13]
2021-01-21 18:06:15,808 [INFO] PinOutPanel:1434 - setPackage(No Configuration,No Configuration)
2021-01-21 18:06:15,857 [INFO] IPUIPlugin:64 - create IPUIPlugin
2021-01-21 18:06:15,857 [INFO] PluginManager:203 - loadIPPluginJar : add openamp
2021-01-21 18:06:15,858 [INFO] IPUIPlugin:64 - create IPUIPlugin
2021-01-21 18:06:15,858 [INFO] PluginManager:203 - loadIPPluginJar : add comp
2021-01-21 18:06:15,862 [INFO] IPUIPlugin:64 - create IPUIPlugin
2021-01-21 18:06:15,862 [INFO] PluginManager:203 - loadIPPluginJar : add ipddr
2021-01-21 18:06:15,864 [INFO] IPUIPlugin:64 - create IPUIPlugin
2021-01-21 18:06:15,864 [INFO] PluginManager:203 - loadIPPluginJar : add tracer_emb
2021-01-21 18:06:15,867 [INFO] IPUIPlugin:64 - create IPUIPlugin
2021-01-21 18:06:15,867 [INFO] PluginManager:203 - loadIPPluginJar : add gtzc
2021-01-21 18:06:15,868 [INFO] IPUIPlugin:64 - create IPUIPlugin
2021-01-21 18:06:15,868 [INFO] PluginManager:203 - loadIPPluginJar : add tsc
2021-01-21 18:06:15,872 [INFO] IPUIPlugin:64 - create IPUIPlugin
2021-01-21 18:06:15,872 [INFO] PluginManager:203 - loadIPPluginJar : add resmgrutility
2021-01-21 18:06:15,875 [INFO] IPUIPlugin:64 - create IPUIPlugin
2021-01-21 18:06:15,875 [INFO] PluginManager:203 - loadIPPluginJar : add nvic
2021-01-21 18:06:15,877 [INFO] IPUIPlugin:64 - create IPUIPlugin
2021-01-21 18:06:15,877 [INFO] PluginManager:203 - loadIPPluginJar : add i2s
2021-01-21 18:06:15,878 [INFO] IPUIPlugin:64 - create IPUIPlugin
2021-01-21 18:06:15,878 [INFO] PluginManager:203 - loadIPPluginJar : add i2c
2021-01-21 18:06:15,880 [INFO] IPUIPlugin:64 - create IPUIPlugin
2021-01-21 18:06:15,880 [INFO] PluginManager:203 - loadIPPluginJar : add usart
2021-01-21 18:06:15,881 [INFO] IPUIPlugin:64 - create IPUIPlugin
2021-01-21 18:06:15,881 [INFO] PluginManager:203 - loadIPPluginJar : add spi
2021-01-21 18:06:15,882 [INFO] IPUIPlugin:64 - create IPUIPlugin
2021-01-21 18:06:15,882 [INFO] PluginManager:203 - loadIPPluginJar : add fatfs
2021-01-21 18:06:15,886 [INFO] IPUIPlugin:64 - create IPUIPlugin
2021-01-21 18:06:15,886 [INFO] PluginManager:203 - loadIPPluginJar : add gic
2021-01-21 18:06:15,888 [INFO] IPUIPlugin:64 - create IPUIPlugin
2021-01-21 18:06:15,888 [INFO] PluginManager:203 - loadIPPluginJar : add ucpd
2021-01-21 18:06:15,892 [INFO] IPUIPlugin:64 - create IPUIPlugin
2021-01-21 18:06:15,894 [INFO] PluginManager:203 - loadIPPluginJar : add plateformsettings
2021-01-21 18:06:15,895 [INFO] IPUIPlugin:64 - create IPUIPlugin
2021-01-21 18:06:15,895 [INFO] PluginManager:203 - loadIPPluginJar : add dfsdm
2021-01-21 18:06:15,897 [INFO] IPUIPlugin:64 - create IPUIPlugin
2021-01-21 18:06:15,897 [INFO] PluginManager:203 - loadIPPluginJar : add sai
2021-01-21 18:06:15,898 [INFO] IPUIPlugin:64 - create IPUIPlugin
2021-01-21 18:06:15,898 [INFO] PluginManager:203 - loadIPPluginJar : add gfxmmu
2021-01-21 18:06:15,900 [INFO] IPUIPlugin:64 - create IPUIPlugin
2021-01-21 18:06:15,900 [INFO] PluginManager:203 - loadIPPluginJar : add lorawan
2021-01-21 18:06:15,902 [INFO] IPUIPlugin:64 - create IPUIPlugin
2021-01-21 18:06:15,903 [INFO] PluginManager:203 - loadIPPluginJar : add touchsensing
2021-01-21 18:06:15,904 [INFO] IPUIPlugin:64 - create IPUIPlugin
2021-01-21 18:06:15,904 [INFO] PluginManager:203 - loadIPPluginJar : add tim
2021-01-21 18:06:15,907 [INFO] IPUIPlugin:64 - create IPUIPlugin
2021-01-21 18:06:15,907 [INFO] PluginManager:203 - loadIPPluginJar : add fmc
2021-01-21 18:06:15,908 [INFO] IPUIPlugin:64 - create IPUIPlugin
2021-01-21 18:06:15,908 [INFO] PluginManager:203 - loadIPPluginJar : add genericplugin
2021-01-21 18:06:15,912 [INFO] IPUIPlugin:64 - create IPUIPlugin
2021-01-21 18:06:15,912 [INFO] PluginManager:203 - loadIPPluginJar : add dma
2021-01-21 18:06:15,914 [INFO] IPUIPlugin:64 - create IPUIPlugin
2021-01-21 18:06:15,915 [INFO] PluginManager:203 - loadIPPluginJar : add stm32_wpan
2021-01-21 18:06:15,916 [INFO] IPUIPlugin:64 - create IPUIPlugin
2021-01-21 18:06:15,916 [INFO] PluginManager:203 - loadIPPluginJar : add ts
2021-01-21 18:06:15,919 [INFO] IPUIPlugin:64 - create IPUIPlugin
2021-01-21 18:06:15,920 [INFO] PluginManager:203 - loadIPPluginJar : add gpio
2021-01-21 18:06:15,921 [INFO] IPUIPlugin:64 - create IPUIPlugin
2021-01-21 18:06:15,921 [INFO] PluginManager:203 - loadIPPluginJar : add pdm2pcm
2021-01-21 18:06:15,922 [INFO] IPUIPlugin:64 - create IPUIPlugin
2021-01-21 18:06:15,922 [INFO] PluginManager:203 - loadIPPluginJar : add ltdc
2021-01-21 18:06:15,924 [INFO] IPUIPlugin:64 - create IPUIPlugin
2021-01-21 18:06:15,924 [INFO] PluginManager:203 - loadIPPluginJar : add aes
2021-01-21 18:06:15,925 [INFO] IPUIPlugin:64 - create IPUIPlugin
2021-01-21 18:06:15,925 [INFO] PluginManager:203 - loadIPPluginJar : add quadspi
2021-01-21 18:06:15,927 [INFO] IPUIPlugin:64 - create IPUIPlugin
2021-01-21 18:06:15,927 [INFO] PluginManager:203 - loadIPPluginJar : add mdma
2021-01-21 18:06:15,931 [INFO] IPUIPlugin:64 - create IPUIPlugin
2021-01-21 18:06:15,931 [INFO] PluginManager:203 - loadIPPluginJar : add adc
2021-01-21 18:06:15,932 [INFO] IPUIPlugin:64 - create IPUIPlugin
2021-01-21 18:06:15,932 [INFO] PluginManager:203 - loadIPPluginJar : add hash
2021-01-21 18:06:15,934 [INFO] IPUIPlugin:64 - create IPUIPlugin
2021-01-21 18:06:15,934 [INFO] PluginManager:203 - loadIPPluginJar : add opamp
2021-01-21 18:06:15,939 [INFO] IPUIPlugin:64 - create IPUIPlugin
2021-01-21 18:06:15,939 [INFO] PluginManager:203 - loadIPPluginJar : add freertos
2021-01-21 18:06:15,941 [INFO] IPUIPlugin:64 - create IPUIPlugin
2021-01-21 18:06:15,941 [INFO] PluginManager:203 - loadIPPluginJar : add cryp
2021-01-21 18:06:15,943 [INFO] IPUIPlugin:64 - create IPUIPlugin
2021-01-21 18:06:15,943 [INFO] PluginManager:203 - loadIPPluginJar : add can
2021-01-21 18:06:16,281 [FATAL] Updater:284 - Updater called before beeing initialized
2021-01-21 18:06:16,332 [FATAL] Updater:284 - Updater called before beeing initialized
2021-01-21 18:06:16,359 [WARN] DetailPanel:347 - Failed to get advertising image, set to default
2021-01-21 18:06:16,361 [FATAL] Updater:284 - Updater called before beeing initialized
2021-01-21 18:06:16,362 [WARN] DetailPanel:347 - Failed to get advertising image, set to default
2021-01-21 18:06:16,384 [FATAL] Updater:284 - Updater called before beeing initialized
2021-01-21 18:06:16,385 [WARN] ThirdParty:783 - waiting for thirdparty lock release [close project]
2021-01-21 18:06:18,540 [INFO] ThirdPartyUpdaterWithRetryManager:56 - Updater plugin not ready yet. [2/15]
2021-01-21 18:06:21,541 [FATAL] Updater:284 - Updater called before beeing initialized
2021-01-21 18:06:21,542 [ERROR] AbstractThirdPartyUpdaterManager:153 - java.lang.Integer cannot be cast to java.util.List
2021-01-21 18:06:21,543 [INFO] ThirdParty:887 - Integrity check success = false
2021-01-21 18:06:21,543 [INFO] IntegrityCheckThread:75 - exiting critical section [integrity check]
2021-01-21 18:06:21,543 [INFO] IntegrityCheckThread:78 - End integrity checks thread
2021-01-21 18:06:21,543 [INFO] ThirdParty:785 - entering critical section [close project]
2021-01-21 18:06:21,547 [INFO] ThirdParty:796 - exiting critical section [close project]
2021-01-21 18:06:21,554 [INFO] PinOutPanel:1434 - setPackage(No Configuration,No Configuration)
2021-01-21 18:06:21,555 [FATAL] Updater:284 - Updater called before beeing initialized
2021-01-21 18:06:21,565 [ERROR] Updater:1065 - MainUpdater not yet initialized. External WinMGr cannot be set.
2021-01-21 18:06:21,568 [INFO] Updater:1002 - Updater Version found : 6.1.1
2021-01-21 18:06:21,587 [INFO] ApplicationProperties:181 - Using Application install path: /opt/st/stm32cubeide_1.5.1/plugins/com.st.stm32cube.common.mx_6.1.1.202012091304
2021-01-21 18:06:22,741 [INFO] MainUpdater:2644 - connection check result : 10
2021-01-21 18:06:22,743 [INFO] MainUpdater:249 - Updater Check For Update Now.
2021-01-21 18:06:22,744 [INFO] MicroXplorer:415 - Change Database Version : DB.6.0.10
2021-01-21 18:06:22,794 [INFO] CheckServerUpdateThread:102 - End of CheckServer Thread
2021-01-21 18:06:22,860 [INFO] MainUpdater:2644 - connection check result : 10
2021-01-21 18:06:23,274 [INFO] CrossSelectorPresenter:1330 - Cross Selector saved comparison directory: /home/keith/.stmcufinder/plugins/mcufinder/mcu/cs_comparisons_mx
2021-01-21 18:06:23,278 [INFO] MultiScanPanel:198 - Auto-refresh data requested => check proxy status ongoing
2021-01-21 18:06:23,280 [INFO] FinderPluginLoader:87 - Searching for filters in installed packs
2021-01-21 18:06:23,281 [INFO] DbMcusXml:97 - Load MCU database from /opt/st/stm32cubeide_1.5.1/plugins/com.st.stm32cube.common.mx_6.1.1.202012091304//db//mcu/families.xml
2021-01-21 18:06:23,932 [INFO] DbMcusJson:92 - JSON generation date=Tue Jan 12 06:36:04 CST 2021 (1610454964)
2021-01-21 18:06:24,545 [INFO] DbMcus:176 - Found 1835 MCUs (1796 are supported by CubeMX, 1804 are visible in CubeMX)
2021-01-21 18:06:24,545 [INFO] ApiDb:238 - Load user favorites file /home/keith/.stm32cubeide/favorites.mcus.txt: 1 item(s)
2021-01-21 18:06:24,545 [INFO] ApiDb:242 - User favorites MCUs=[STM32F407VGTx]
2021-01-21 18:06:24,545 [INFO] DbMcus:188 - Set 1 / 1 favorites MCUs
2021-01-21 18:06:24,943 [WARN] DetailPanel:347 - Failed to get advertising image, set to default
2021-01-21 18:06:25,231 [INFO] McuFilterPanel:245 - Update 1 favorites MCUs
2021-01-21 18:06:25,295 [INFO] DbBoardsPdsc:91 - Found 4 items
2021-01-21 18:06:25,297 [INFO] DbBoardsPdsc:91 - Found 24 items
2021-01-21 18:06:25,298 [INFO] DbBoardsPdsc:91 - Found 9 items
2021-01-21 18:06:25,298 [INFO] DbBoardsPdsc:91 - Found 1 items
2021-01-21 18:06:25,302 [INFO] DbBoardsPdsc:91 - Found 45 items
2021-01-21 18:06:25,303 [INFO] DbBoardsPdsc:91 - Found 2 items
2021-01-21 18:06:25,307 [INFO] DbBoardsPdsc:91 - Found 41 items
2021-01-21 18:06:25,309 [INFO] DbBoardsPdsc:91 - Found 32 items
2021-01-21 18:06:25,339 [WARN] DbBoardsPdsc:255 - Board STM32H7B3I-DK: unknown feature type=Audio, name=, username=Audio stereo codec with Headphone Amp (CS42L51-CNZ), n=1
2021-01-21 18:06:25,340 [WARN] DbBoardsPdsc:255 - Board STM32H735G-DK: unknown feature type=Audio, name=, username=Audio stereo codec with Headphone Amp (WM8994ECS/R), n=1
2021-01-21 18:06:25,341 [WARN] DbBoardsPdsc:255 - Board STM32H7B3I-EVAL: unknown feature type=Audio, name=, username=Multi-Channel Audio Codec (CS42L51-CNZ), n=1
2021-01-21 18:06:25,342 [WARN] DbBoardsPdsc:255 - Board STM32H7B3I-EVAL: unknown feature type=Meter, name=, username=Power-metering and Temperature-monitoring with sigma-delta modulators, n=1
2021-01-21 18:06:25,342 [WARN] DbBoardsPdsc:255 - Board STM32H7B3I-EVAL: unknown feature type=Motor, name=, username=Motor Control, n=1
2021-01-21 18:06:25,350 [INFO] DbBoardsJson:85 - JSON generation date=Fri Jan 08 00:00:45 CST 2021 (1610085645)
2021-01-21 18:06:25,356 [INFO] DbBoards:118 - Found 158 boards (155 are supported by CubeMX)
2021-01-21 18:06:25,361 [INFO] DbBoardsDocs:145 - JSON generation date=Tue Jan 12 06:36:04 CST 2021 (1610454964)
2021-01-21 18:06:25,378 [INFO] DbBoardsDocs:81 - Found 190 boards documents
2021-01-21 18:06:25,378 [WARN] DbBoards:128 - board B-L462E-CELL1 has no document id list !
2021-01-21 18:06:25,378 [WARN] DbBoards:128 - board B-L475E-IOT01A2 has no document id list !
2021-01-21 18:06:25,379 [WARN] DbBoards:128 - board NUCLEO-G0B1RE has no document id list !
2021-01-21 18:06:25,379 [WARN] DbBoards:128 - board NUCLEO-G491RE has no document id list !
2021-01-21 18:06:25,379 [WARN] DbBoards:128 - board NUCLEO-H743ZI2 has no document id list !
2021-01-21 18:06:25,380 [WARN] DbBoards:128 - board NUCLEO-L4A6ZG has no document id list !
2021-01-21 18:06:25,380 [WARN] DbBoards:128 - board NUCLEO-WB55RG has no document id list !
2021-01-21 18:06:25,380 [WARN] DbBoards:128 - board NUCLEO-WL55JC1 has no document id list !
2021-01-21 18:06:25,380 [WARN] DbBoards:128 - board NUCLEO-WL55JC2 has no document id list !
2021-01-21 18:06:25,380 [WARN] DbBoards:128 - board P-NUCLEO-WB55-Nucleo has no document id list !
2021-01-21 18:06:25,380 [WARN] DbBoards:128 - board P-NUCLEO-WB55-USBDongle has no document id list !
2021-01-21 18:06:25,380 [WARN] DbBoards:128 - board STEVAL-BFA001V1B has no document id list !
2021-01-21 18:06:25,380 [WARN] DbBoards:128 - board STEVAL-BFA001V2B has no document id list !
2021-01-21 18:06:25,380 [WARN] DbBoards:128 - board STEVAL-IDP005V1 has no document id list !
2021-01-21 18:06:25,380 [WARN] DbBoards:128 - board STEVAL-IDP005V2 has no document id list !
2021-01-21 18:06:25,380 [WARN] DbBoards:128 - board STEVAL-MKSBOX1V1 has no document id list !
2021-01-21 18:06:25,380 [WARN] DbBoards:128 - board STEVAL-STWINKT1 has no document id list !
2021-01-21 18:06:25,381 [WARN] DbBoards:128 - board STM32F401C-DISCO has no document id list !
2021-01-21 18:06:25,381 [WARN] DbBoards:128 - board STM32F769I-DISC1 has no document id list !
2021-01-21 18:06:25,381 [WARN] DbBoards:128 - board STM32G0C1E-EV has no document id list !
2021-01-21 18:06:25,381 [WARN] DbBoards:128 - board STM32G474E-EVAL1 has no document id list !
2021-01-21 18:06:25,381 [WARN] DbBoards:128 - board STM32H743I-EVAL2 has no document id list !
2021-01-21 18:06:25,381 [WARN] DbBoards:128 - board STM32H747I-DISC1 has no document id list !
2021-01-21 18:06:25,382 [WARN] DbBoards:128 - board STM32H753I-EVAL2 has no document id list !
2021-01-21 18:06:25,382 [WARN] DbBoards:128 - board STM32L-DISCOVERY has no document id list !
2021-01-21 18:06:25,382 [WARN] DbBoards:128 - board STM32MP157A-DK1 has no document id list !
2021-01-21 18:06:25,382 [WARN] DbBoards:128 - board STM32MP157F-DK2 has no document id list !
2021-01-21 18:06:25,382 [WARN] DbBoards:128 - board STM32MP157F-EV1 has no document id list !
2021-01-21 18:06:26,320 [ERROR] DbBoards:190 - Image file not found for board STM32H747I-EVAL: /opt/st/stm32cubeide_1.5.1/plugins/com.st.stm32cube.common.mx_6.1.1.202012091304//db//plugins/mcufinder/images/boards/stm32h747ieval_small.jpg
2021-01-21 18:06:26,330 [ERROR] DbBoards:190 - Image file not found for board STM32H757I-EVAL: /opt/st/stm32cubeide_1.5.1/plugins/com.st.stm32cube.common.mx_6.1.1.202012091304//db//plugins/mcufinder/images/boards/stm32h747ieval_small.jpg
2021-01-21 18:06:26,330 [ERROR] DbBoards:190 - Image file not found for board STM32H7B3I-DK: /opt/st/stm32cubeide_1.5.1/plugins/com.st.stm32cube.common.mx_6.1.1.202012091304//db//plugins/mcufinder/images/boards/stm32h7b3i-dk_small.jpg
2021-01-21 18:06:26,495 [INFO] ApiDb:238 - Load user favorites file /home/keith/.stm32cubeide/favorites.boards.txt: 1 item(s)
2021-01-21 18:06:26,495 [INFO] ApiDb:242 - User favorites Boards=[STM32F0DISCOVERY]
2021-01-21 18:06:26,495 [INFO] DbBoards:207 - Set 1 / 1 favorites Boards
2021-01-21 18:06:30,999 [INFO] DbMcusDocs:145 - JSON generation date=Tue Jan 12 06:36:04 CST 2021 (1610454964)
2021-01-21 18:06:31,109 [INFO] DbMcusDocs:81 - Found 614 MCUs documents
2021-01-21 18:06:51,727 [INFO] ApiDb:263 - Save user favorites file /home/keith/.stm32cubeide/favorites.mcus.txt: 1 item(s)
2021-01-21 18:06:51,728 [INFO] ApiDb:267 - User favorites MCUs=[STM32F407VGTx]
